  display.cpp
  main.cpp
  mesh.cpp
  shader.cpp
  texture.cpp
  Generating Code...
  stb_image.c
LINK : warning LNK4098: defaultlib 'LIBCMT' conflicts with use of other libs; use /NODEFAULTLIB:library
LINK : warning LNK4098: defaultlib 'MSVCRT' conflicts with use of other libs; use /NODEFAULTLIB:library
mesh.obj : warning LNK4049: locally defined symbol ___glewBindBuffer imported
mesh.obj : warning LNK4049: locally defined symbol ___glewBufferData imported
mesh.obj : warning LNK4049: locally defined symbol ___glewGenBuffers imported
mesh.obj : warning LNK4049: locally defined symbol ___glewEnableVertexAttribArray imported
mesh.obj : warning LNK4049: locally defined symbol ___glewVertexAttribPointer imported
mesh.obj : warning LNK4049: locally defined symbol ___glewBindVertexArray imported
mesh.obj : warning LNK4049: locally defined symbol ___glewDeleteVertexArrays imported
mesh.obj : warning LNK4049: locally defined symbol ___glewGenVertexArrays imported
shader.obj : warning LNK4049: locally defined symbol ___glewAttachShader imported
shader.obj : warning LNK4049: locally defined symbol ___glewBindAttribLocation imported
shader.obj : warning LNK4049: locally defined symbol ___glewCompileShader imported
shader.obj : warning LNK4049: locally defined symbol ___glewCreateProgram imported
shader.obj : warning LNK4049: locally defined symbol ___glewCreateShader imported
shader.obj : warning LNK4049: locally defined symbol ___glewDeleteProgram imported
shader.obj : warning LNK4049: locally defined symbol ___glewDeleteShader imported
shader.obj : warning LNK4049: locally defined symbol ___glewDetachShader imported
shader.obj : warning LNK4049: locally defined symbol ___glewGetProgramInfoLog imported
shader.obj : warning LNK4049: locally defined symbol ___glewGetProgramiv imported
shader.obj : warning LNK4049: locally defined symbol ___glewGetShaderInfoLog imported
shader.obj : warning LNK4049: locally defined symbol ___glewGetShaderiv imported
shader.obj : warning LNK4049: locally defined symbol ___glewLinkProgram imported
shader.obj : warning LNK4049: locally defined symbol ___glewShaderSource imported
shader.obj : warning LNK4049: locally defined symbol ___glewUseProgram imported
shader.obj : warning LNK4049: locally defined symbol ___glewValidateProgram imported
texture.obj : warning LNK4049: locally defined symbol ___glewActiveTexture imported
texture.obj : warning LNK4049: locally defined symbol ___glewTextureParameterf imported
texture.obj : warning LNK4049: locally defined symbol ___glewTextureParameteri imported
glew32s.lib(glew.obj) : warning LNK4099: PDB 'vc120.pdb' was not found with 'glew32s.lib(glew.obj)' or at 'C:\Users\Benjamin\source\repos\OpenGLRoot\OpenGL_Learning_Project\Debug\vc120.pdb'; linking object as if no debug info
  ProjectOpenGL.vcxproj -> C:\Users\Benjamin\source\repos\OpenGLRoot\OpenGL_Learning_Project\Debug\ProjectOpenGL.exe
